<?xml version="1.0" encoding="UTF-8"?>
<!-- Generated by org.testng.reporters.JUnitXMLReporter -->
<testsuite ignored="0" hostname="witchers" failures="1" tests="2" name="OpencartTest" time="26.345" errors="0" timestamp="2023-09-07T18:16:01 IST">
  <testcase classname="TestCases.TC_001_AccountRegistrationTest" name="test_account_Registration" time="2.945"/>
  <testcase classname="TestCases.TC_002_LoginTest" name="test_Login" time="11.253">
    <failure type="java.lang.AssertionError" message="expected [true] but found [false]">
      <![CDATA[java.lang.AssertionError: expected [true] but found [false]
at TestCases.TC_002_LoginTest.test_Login(TC_002_LoginTest.java:38)
at java.base/java.util.ArrayList.forEach(ArrayList.java:1511)
... Removed 34 stack frames]]>
    </failure>
  </testcase> <!-- test_Login -->
</testsuite> <!-- OpencartTest -->
